ARM GAS  C:\Users\Djuradj\AppData\Local\Temp\ccUjeBZC.s 			page 1


   1              		.cpu cortex-m3
   2              		.eabi_attribute 20, 1
   3              		.eabi_attribute 21, 1
   4              		.eabi_attribute 23, 3
   5              		.eabi_attribute 24, 1
   6              		.eabi_attribute 25, 1
   7              		.eabi_attribute 26, 1
   8              		.eabi_attribute 30, 1
   9              		.eabi_attribute 34, 1
  10              		.eabi_attribute 18, 4
  11              		.file	"driver_motor.c"
  12              		.text
  13              	.Ltext0:
  14              		.cfi_sections	.debug_frame
  15              		.section	.text.MOTOR_SpeedIncrease,"ax",%progbits
  16              		.align	1
  17              		.global	MOTOR_SpeedIncrease
  18              		.arch armv7-m
  19              		.syntax unified
  20              		.thumb
  21              		.thumb_func
  22              		.fpu softvfp
  24              	MOTOR_SpeedIncrease:
  25              	.LFB65:
  26              		.file 1 "../Core/Src/driver_motor.c"
   1:../Core/Src/driver_motor.c **** 
  27              		.loc 1 17 1 view -0
  28              		.cfi_startproc
  29              		@ args = 0, pretend = 0, frame = 0
  30              		@ frame_needed = 0, uses_anonymous_args = 0
  31              		@ link register save eliminated.
  32              		.loc 1 18 2 view .LVU1
  33              		.loc 1 18 27 is_stmt 0 view .LVU2
  34 0000 064B     		ldr	r3, .L3
  35 0002 1B68     		ldr	r3, [r3]
  36              		.loc 1 18 5 view .LVU3
  37 0004 092B     		cmp	r3, #9
  38 0006 03D8     		bhi	.L2
  39              		.loc 1 20 3 is_stmt 1 view .LVU4
  40              		.loc 1 20 24 is_stmt 0 view .LVU5
  41 0008 044A     		ldr	r2, .L3
  42 000a 1368     		ldr	r3, [r2]
  43 000c 0533     		adds	r3, r3, #5
  44 000e 1360     		str	r3, [r2]
  45              	.L2:
  46              		.loc 1 22 2 is_stmt 1 view .LVU6
  47              		.loc 1 22 7 is_stmt 0 view .LVU7
  48 0010 034B     		ldr	r3, .L3+4
  49 0012 1B68     		ldr	r3, [r3]
  50              		.loc 1 22 23 view .LVU8
  51 0014 014A     		ldr	r2, .L3
  52 0016 1268     		ldr	r2, [r2]
  53 0018 5A63     		str	r2, [r3, #52]
  54              		.loc 1 23 1 view .LVU9
  55 001a 7047     		bx	lr
  56              	.L4:
  57              		.align	2
ARM GAS  C:\Users\Djuradj\AppData\Local\Temp\ccUjeBZC.s 			page 2


  58              	.L3:
  59 001c 00000000 		.word	.LANCHOR0
  60 0020 00000000 		.word	htim3
  61              		.cfi_endproc
  62              	.LFE65:
  64              		.section	.text.MOTOR_SpeedDecrease,"ax",%progbits
  65              		.align	1
  66              		.global	MOTOR_SpeedDecrease
  67              		.syntax unified
  68              		.thumb
  69              		.thumb_func
  70              		.fpu softvfp
  72              	MOTOR_SpeedDecrease:
  73              	.LFB66:
  74              		.loc 1 26 1 is_stmt 1 view -0
  75              		.cfi_startproc
  76              		@ args = 0, pretend = 0, frame = 0
  77              		@ frame_needed = 0, uses_anonymous_args = 0
  78              		@ link register save eliminated.
  79              		.loc 1 27 2 view .LVU11
  80              		.loc 1 27 27 is_stmt 0 view .LVU12
  81 0000 064B     		ldr	r3, .L7
  82 0002 1B68     		ldr	r3, [r3]
  83              		.loc 1 27 5 view .LVU13
  84 0004 1BB1     		cbz	r3, .L6
  85              		.loc 1 29 3 is_stmt 1 view .LVU14
  86              		.loc 1 29 24 is_stmt 0 view .LVU15
  87 0006 054A     		ldr	r2, .L7
  88 0008 1368     		ldr	r3, [r2]
  89 000a 053B     		subs	r3, r3, #5
  90 000c 1360     		str	r3, [r2]
  91              	.L6:
  92              		.loc 1 31 2 is_stmt 1 view .LVU16
  93              		.loc 1 31 7 is_stmt 0 view .LVU17
  94 000e 044B     		ldr	r3, .L7+4
  95 0010 1B68     		ldr	r3, [r3]
  96              		.loc 1 31 23 view .LVU18
  97 0012 024A     		ldr	r2, .L7
  98 0014 1268     		ldr	r2, [r2]
  99 0016 5A63     		str	r2, [r3, #52]
 100              		.loc 1 32 1 view .LVU19
 101 0018 7047     		bx	lr
 102              	.L8:
 103 001a 00BF     		.align	2
 104              	.L7:
 105 001c 00000000 		.word	.LANCHOR0
 106 0020 00000000 		.word	htim3
 107              		.cfi_endproc
 108              	.LFE66:
 110              		.section	.text.MOTOR_Init,"ax",%progbits
 111              		.align	1
 112              		.global	MOTOR_Init
 113              		.syntax unified
 114              		.thumb
 115              		.thumb_func
 116              		.fpu softvfp
 118              	MOTOR_Init:
ARM GAS  C:\Users\Djuradj\AppData\Local\Temp\ccUjeBZC.s 			page 3


 119              	.LFB67:
 120              		.loc 1 35 1 is_stmt 1 view -0
 121              		.cfi_startproc
 122              		@ args = 0, pretend = 0, frame = 0
 123              		@ frame_needed = 0, uses_anonymous_args = 0
 124 0000 08B5     		push	{r3, lr}
 125              	.LCFI0:
 126              		.cfi_def_cfa_offset 8
 127              		.cfi_offset 3, -8
 128              		.cfi_offset 14, -4
 129              		.loc 1 36 2 view .LVU21
 130 0002 0021     		movs	r1, #0
 131 0004 0148     		ldr	r0, .L11
 132 0006 024B     		ldr	r3, .L11+4
 133 0008 9847     		blx	r3
 134              	.LVL0:
 135              		.loc 1 37 1 is_stmt 0 view .LVU22
 136 000a 08BD     		pop	{r3, pc}
 137              	.L12:
 138              		.align	2
 139              	.L11:
 140 000c 00000000 		.word	htim3
 141 0010 00000000 		.word	HAL_TIM_OC_Start
 142              		.cfi_endproc
 143              	.LFE67:
 145              		.section	.bss.compareRegisterValue,"aw",%nobits
 146              		.align	2
 147              		.set	.LANCHOR0,. + 0
 150              	compareRegisterValue:
 151 0000 00000000 		.space	4
 152              		.text
 153              	.Letext0:
 154              		.file 2 "../d:\\mips\\gnu mcu\\arm-none-eabi-gcc-10.2.1-1.1\\arm-none-eabi\\include\\machine\\_def
 155              		.file 3 "../d:\\mips\\gnu mcu\\arm-none-eabi-gcc-10.2.1-1.1\\arm-none-eabi\\include\\sys\\_stdint.
 156              		.file 4 "../Drivers/CMSIS/Device/ST/STM32F1xx/Include/stm32f103x6.h"
 157              		.file 5 "../Drivers/STM32F1xx_HAL_Driver/Inc/stm32f1xx_hal_def.h"
 158              		.file 6 "../Drivers/STM32F1xx_HAL_Driver/Inc/stm32f1xx_hal_dma.h"
 159              		.file 7 "../Drivers/STM32F1xx_HAL_Driver/Inc/stm32f1xx_hal_tim.h"
 160              		.file 8 "../Core/Inc/tim.h"
ARM GAS  C:\Users\Djuradj\AppData\Local\Temp\ccUjeBZC.s 			page 4


DEFINED SYMBOLS
                            *ABS*:0000000000000000 driver_motor.c
C:\Users\Djuradj\AppData\Local\Temp\ccUjeBZC.s:16     .text.MOTOR_SpeedIncrease:0000000000000000 $t
C:\Users\Djuradj\AppData\Local\Temp\ccUjeBZC.s:24     .text.MOTOR_SpeedIncrease:0000000000000000 MOTOR_SpeedIncrease
C:\Users\Djuradj\AppData\Local\Temp\ccUjeBZC.s:59     .text.MOTOR_SpeedIncrease:000000000000001c $d
C:\Users\Djuradj\AppData\Local\Temp\ccUjeBZC.s:65     .text.MOTOR_SpeedDecrease:0000000000000000 $t
C:\Users\Djuradj\AppData\Local\Temp\ccUjeBZC.s:72     .text.MOTOR_SpeedDecrease:0000000000000000 MOTOR_SpeedDecrease
C:\Users\Djuradj\AppData\Local\Temp\ccUjeBZC.s:105    .text.MOTOR_SpeedDecrease:000000000000001c $d
C:\Users\Djuradj\AppData\Local\Temp\ccUjeBZC.s:111    .text.MOTOR_Init:0000000000000000 $t
C:\Users\Djuradj\AppData\Local\Temp\ccUjeBZC.s:118    .text.MOTOR_Init:0000000000000000 MOTOR_Init
C:\Users\Djuradj\AppData\Local\Temp\ccUjeBZC.s:140    .text.MOTOR_Init:000000000000000c $d
C:\Users\Djuradj\AppData\Local\Temp\ccUjeBZC.s:146    .bss.compareRegisterValue:0000000000000000 $d
C:\Users\Djuradj\AppData\Local\Temp\ccUjeBZC.s:150    .bss.compareRegisterValue:0000000000000000 compareRegisterValue

UNDEFINED SYMBOLS
htim3
HAL_TIM_OC_Start
